<?xml version="1.0" encoding="UTF-8"?>
<!-- Generated by org.testng.reporters.JUnitReportReporter -->
<testsuite skipped="0" hostname="DESKTOP-29VP0U2" name="mavenTestGoogle.GoogleSearchTest" tests="1" failures="0" timestamp="31 Oct 2020 14:39:56 GMT" time="43.078" errors="0">
  <testcase name="GSearch" time="43.078" classname="mavenTestGoogle.GoogleSearchTest"/>
</testsuite> <!-- mavenTestGoogle.GoogleSearchTest -->
